SF:lib\data\models\tv_detail_model.dart
DA:6,2
DA:52,2
DA:53,1
DA:54,4
DA:55,1
DA:56,4
DA:57,1
DA:58,1
DA:59,1
DA:60,4
DA:61,1
DA:62,1
DA:63,1
DA:64,4
DA:65,1
DA:66,1
DA:67,1
DA:68,2
DA:69,1
DA:70,1
DA:71,1
DA:72,1
DA:73,2
DA:74,1
DA:77,2
DA:78,1
DA:79,1
DA:80,5
DA:81,1
DA:82,1
DA:83,1
DA:84,1
DA:85,1
DA:86,1
DA:87,1
DA:88,1
DA:89,1
DA:90,1
DA:91,1
DA:92,1
DA:93,1
DA:94,1
DA:95,1
DA:96,1
DA:97,1
DA:98,1
DA:101,1
DA:102,1
DA:103,1
DA:104,1
DA:105,1
DA:106,1
DA:107,1
DA:108,1
DA:109,1
DA:110,1
DA:111,1
DA:112,1
DA:113,1
DA:114,1
DA:115,1
DA:116,1
DA:117,1
DA:118,1
DA:119,1
DA:120,1
DA:121,1
DA:122,1
DA:123,1
LF:69
LH:69
end_of_record
SF:lib\data\datasources\db\database_tv_helper.dart
DA:8,0
DA:12,0
DA:16,0
DA:17,0
DA:24,0
DA:25,0
DA:26,0
DA:28,0
DA:32,0
DA:33,0
DA:40,0
DA:42,0
DA:50,0
DA:54,0
DA:55,0
DA:56,0
DA:59,0
DA:60,0
DA:61,0
DA:62,0
DA:65,0
DA:66,0
DA:67,0
DA:70,0
DA:73,0
DA:74,0
DA:80,0
DA:81,0
DA:82,0
LF:29
LH:0
end_of_record
SF:lib\data\datasources\tv_remote_data_source.dart
DA:21,1
DA:24,1
DA:26,5
DA:28,2
DA:29,4
DA:31,1
DA:36,1
DA:37,5
DA:39,2
DA:40,3
DA:42,1
DA:47,1
DA:48,2
DA:49,3
DA:51,2
DA:52,4
DA:54,1
DA:59,1
DA:61,5
DA:63,2
DA:64,4
DA:66,1
DA:71,1
DA:73,5
DA:75,2
DA:76,4
DA:78,1
DA:83,1
DA:84,2
DA:85,3
DA:87,2
DA:88,4
DA:90,1
LF:33
LH:33
end_of_record
SF:lib\data\datasources\tv_local_data_source.dart
DA:15,1
DA:18,1
DA:20,3
DA:23,2
DA:28,1
DA:30,3
DA:33,2
DA:38,1
DA:39,3
DA:41,1
DA:48,1
DA:49,3
DA:50,4
LF:13
LH:13
end_of_record
SF:lib\data\models\tv_model.dart
DA:5,5
DA:31,4
DA:32,2
DA:33,8
DA:34,2
DA:35,2
DA:36,2
DA:37,2
DA:38,2
DA:39,4
DA:40,2
DA:41,4
DA:42,2
DA:45,2
DA:46,1
DA:47,4
DA:48,1
DA:49,1
DA:50,1
DA:51,1
DA:52,1
DA:53,1
DA:54,1
DA:55,1
DA:56,1
DA:59,2
DA:60,2
DA:61,2
DA:62,2
DA:63,2
DA:64,2
DA:65,2
DA:66,2
DA:67,2
DA:68,2
DA:69,2
DA:70,2
DA:71,2
DA:75,2
DA:76,2
DA:77,2
DA:78,2
DA:79,2
DA:80,2
DA:81,2
DA:82,2
DA:83,2
DA:84,2
DA:85,2
DA:86,2
DA:87,2
LF:51
LH:51
end_of_record
SF:lib\data\models\tv_response.dart
DA:7,3
DA:9,4
DA:10,4
DA:11,6
DA:12,6
DA:15,2
DA:16,5
DA:19,1
DA:20,2
LF:9
LH:9
end_of_record
SF:lib\data\models\tv_table.dart
DA:10,18
DA:17,2
DA:18,1
DA:19,1
DA:20,1
DA:21,1
DA:24,2
DA:25,1
DA:26,1
DA:27,1
DA:28,1
DA:31,0
DA:32,0
DA:33,0
DA:34,0
DA:35,0
DA:38,0
DA:39,0
DA:40,0
DA:41,0
DA:42,0
DA:45,2
DA:46,1
DA:47,1
DA:48,1
DA:49,1
DA:52,2
DA:53,10
LF:28
LH:18
end_of_record
SF:lib\data\repositories\tv_repository_impl.dart
DA:10,1
DA:16,1
DA:18,3
DA:19,5
DA:20,1
DA:22,1
DA:24,0
DA:25,0
DA:30,1
DA:32,3
DA:33,2
DA:34,1
DA:36,1
DA:38,0
DA:39,0
DA:44,1
DA:46,3
DA:47,3
DA:48,1
DA:50,1
DA:52,0
DA:53,0
DA:58,1
DA:60,3
DA:61,5
DA:62,1
DA:64,1
DA:66,0
DA:67,0
DA:72,1
DA:74,3
DA:75,5
DA:76,1
DA:78,1
DA:80,0
DA:81,0
DA:86,1
DA:88,3
DA:89,5
DA:90,1
DA:92,1
DA:94,0
DA:95,0
DA:100,1
DA:103,4
DA:104,1
DA:105,1
DA:106,3
DA:113,1
DA:116,4
DA:117,1
DA:118,1
DA:119,3
DA:124,1
DA:125,3
DA:130,1
DA:131,3
DA:132,5
LF:58
LH:46
end_of_record
SF:lib\domain\entities\tv.dart
DA:5,13
DA:19,1
DA:38,8
DA:39,8
DA:40,8
DA:41,8
DA:42,8
DA:43,8
DA:44,8
DA:45,8
DA:46,8
DA:47,8
DA:48,8
DA:49,8
DA:50,8
LF:15
LH:15
end_of_record
SF:lib\domain\entities\tv_detail.dart
DA:6,6
DA:52,2
DA:53,2
DA:54,2
DA:55,2
DA:56,2
DA:57,2
DA:58,2
DA:59,2
DA:60,2
DA:61,2
DA:62,2
DA:63,2
DA:64,2
DA:65,2
DA:66,2
DA:67,2
DA:68,2
DA:69,2
DA:70,2
DA:71,2
DA:72,2
DA:73,2
DA:74,2
LF:24
LH:24
end_of_record
SF:lib\domain\usecases\get_popular_tv_shows.dart
DA:8,1
DA:10,1
DA:11,2
LF:3
LH:3
end_of_record
SF:lib\domain\usecases\get_top_rated_tv_shows.dart
DA:8,1
DA:10,1
DA:11,2
LF:3
LH:3
end_of_record
SF:lib\domain\usecases\get_tv_detail.dart
DA:8,1
DA:10,1
DA:11,2
LF:3
LH:3
end_of_record
SF:lib\domain\usecases\get_tv_on_the_air.dart
DA:8,1
DA:10,1
DA:11,2
LF:3
LH:3
end_of_record
SF:lib\domain\usecases\get_tv_recommendations.dart
DA:8,1
DA:10,1
DA:11,2
LF:3
LH:3
end_of_record
SF:lib\domain\usecases\get_watchlist_tv_shows.dart
DA:8,1
DA:10,1
DA:11,2
LF:3
LH:3
end_of_record
SF:lib\domain\usecases\get_watchlist_tv_status.dart
DA:7,1
DA:9,1
DA:10,2
LF:3
LH:3
end_of_record
SF:lib\domain\usecases\remove_tv_watchlist.dart
DA:8,1
DA:10,1
DA:11,2
LF:3
LH:3
end_of_record
SF:lib\domain\usecases\save_tv_watchlist.dart
DA:8,1
DA:10,1
DA:11,2
LF:3
LH:3
end_of_record
SF:lib\domain\usecases\search_tv_shows.dart
DA:8,1
DA:10,1
DA:11,2
LF:3
LH:3
end_of_record
SF:lib\presentation\bloc\popular_tv_shows_bloc\popular_tv_shows_state.dart
DA:4,4
DA:6,1
DA:7,1
DA:17,2
DA:19,1
DA:20,2
DA:26,3
DA:28,1
DA:29,2
LF:9
LH:9
end_of_record
SF:lib\presentation\bloc\popular_tv_shows_bloc\popular_tv_shows_event.dart
DA:4,2
DA:6,0
DA:7,0
LF:3
LH:1
end_of_record
SF:lib\presentation\bloc\popular_tv_shows_bloc\popular_tv_shows_bloc.dart
DA:11,3
DA:12,2
DA:13,2
DA:14,3
DA:16,1
DA:17,1
DA:18,3
DA:20,1
DA:21,2
LF:9
LH:9
end_of_record
SF:lib\presentation\bloc\top_rated_tv_shows_bloc\top_rated_tv_shows_state.dart
DA:4,4
DA:6,1
DA:7,1
DA:17,2
DA:19,1
DA:20,2
DA:26,3
DA:28,1
DA:29,2
LF:9
LH:9
end_of_record
SF:lib\presentation\bloc\top_rated_tv_shows_bloc\top_rated_tv_shows_bloc.dart
DA:11,3
DA:12,2
DA:13,2
DA:14,3
DA:16,1
DA:17,1
DA:18,3
DA:20,1
DA:21,2
LF:9
LH:9
end_of_record
SF:lib\presentation\bloc\top_rated_tv_shows_bloc\top_rated_tv_shows_event.dart
DA:4,2
DA:6,0
DA:7,0
LF:3
LH:1
end_of_record
SF:lib\presentation\bloc\tv_detail_bloc\tv_detail_event.dart
DA:4,2
DA:6,0
DA:7,0
DA:13,2
DA:15,0
DA:16,0
LF:6
LH:2
end_of_record
SF:lib\presentation\bloc\tv_detail_bloc\tv_detail_state.dart
DA:4,3
DA:6,1
DA:7,1
DA:17,2
DA:19,1
DA:20,2
DA:26,2
DA:28,1
DA:29,2
LF:9
LH:9
end_of_record
SF:lib\presentation\bloc\tv_detail_bloc\tv_detail_bloc.dart
DA:11,3
DA:12,2
DA:13,1
DA:15,2
DA:16,3
DA:18,1
DA:19,1
DA:20,3
DA:22,1
DA:23,2
LF:10
LH:10
end_of_record
SF:lib\presentation\bloc\tv_on_the_air_bloc\tv_on_the_air_event.dart
DA:4,1
DA:6,0
DA:7,0
LF:3
LH:1
end_of_record
SF:lib\presentation\bloc\tv_on_the_air_bloc\tv_on_the_air_state.dart
DA:4,2
DA:6,1
DA:7,1
DA:17,1
DA:19,1
DA:20,2
DA:26,2
DA:28,1
DA:29,2
LF:9
LH:9
end_of_record
SF:lib\presentation\bloc\tv_on_the_air_bloc\tv_on_the_air_bloc.dart
DA:11,3
DA:12,2
DA:13,2
DA:14,3
DA:16,1
DA:17,1
DA:18,3
DA:20,1
DA:21,2
LF:9
LH:9
end_of_record
SF:lib\presentation\bloc\tv_recommendations_bloc\tv_recommendations_event.dart
DA:4,2
DA:6,0
DA:7,0
DA:13,2
DA:15,0
DA:16,0
LF:6
LH:2
end_of_record
SF:lib\presentation\bloc\tv_recommendations_bloc\tv_recommendations_state.dart
DA:4,3
DA:6,1
DA:7,1
DA:17,2
DA:19,1
DA:20,2
DA:26,2
DA:28,1
DA:29,2
LF:9
LH:9
end_of_record
SF:lib\presentation\bloc\tv_recommendations_bloc\tv_recommendations_bloc.dart
DA:11,3
DA:12,2
DA:13,1
DA:15,2
DA:16,3
DA:18,1
DA:19,1
DA:20,3
DA:22,1
DA:23,2
LF:10
LH:10
end_of_record
SF:lib\presentation\bloc\tv_search_bloc\tv_search_state.dart
DA:4,2
DA:6,1
DA:7,1
DA:17,1
DA:19,1
DA:20,2
DA:26,2
DA:28,1
DA:29,2
LF:9
LH:9
end_of_record
SF:lib\presentation\bloc\tv_search_bloc\tv_search_event.dart
DA:4,1
DA:6,0
DA:7,0
DA:13,1
DA:15,0
DA:16,0
LF:6
LH:2
end_of_record
SF:lib\presentation\bloc\tv_search_bloc\tv_search_bloc.dart
DA:12,3
DA:13,2
DA:14,1
DA:16,2
DA:17,3
DA:19,1
DA:20,1
DA:21,3
DA:23,1
DA:24,2
DA:27,1
DA:30,1
DA:31,3
LF:13
LH:13
end_of_record
SF:lib\presentation\bloc\watchlist_tv_bloc\watchlist_tv_event.dart
DA:4,3
DA:6,0
DA:7,0
DA:15,0
DA:17,0
DA:18,0
DA:24,0
DA:26,0
DA:27,0
DA:33,1
DA:35,0
DA:36,0
LF:12
LH:2
end_of_record
SF:lib\presentation\bloc\watchlist_tv_bloc\watchlist_tv_state.dart
DA:4,31
DA:6,1
DA:7,1
DA:17,2
DA:19,1
DA:20,2
DA:26,3
DA:28,1
DA:29,2
DA:35,26
DA:37,0
DA:38,0
DA:44,0
DA:46,0
DA:47,0
DA:53,1
DA:55,0
DA:56,0
LF:18
LH:11
end_of_record
SF:lib\presentation\bloc\watchlist_tv_bloc\watchlist_tv_bloc.dart
DA:14,1
DA:15,2
DA:16,2
DA:17,2
DA:18,3
DA:20,1
DA:21,1
DA:22,3
DA:24,1
DA:25,2
DA:30,1
DA:31,0
DA:32,0
DA:34,0
DA:35,0
DA:36,0
DA:38,0
DA:39,0
DA:42,0
DA:45,1
DA:46,0
DA:47,0
DA:49,0
DA:50,0
DA:51,0
DA:53,0
DA:54,0
DA:57,0
DA:60,1
DA:61,0
DA:62,0
DA:64,0
LF:32
LH:13
end_of_record
SF:lib\presentation\pages\home_tv_page.dart
DA:10,26
DA:12,0
DA:14,0
DA:18,0
DA:20,0
DA:21,0
DA:22,0
DA:23,0
DA:24,0
DA:28,0
DA:30,0
DA:31,0
DA:32,0
DA:33,0
DA:41,0
DA:44,0
DA:45,0
DA:47,0
DA:48,0
DA:53,0
DA:56,0
DA:57,0
DA:60,0
DA:63,0
DA:64,0
DA:67,0
DA:70,0
DA:71,0
DA:74,0
DA:75,0
DA:76,0
DA:84,0
DA:86,0
DA:87,0
DA:88,0
DA:89,0
DA:95,0
DA:97,0
DA:98,0
DA:100,0
DA:101,0
DA:103,0
DA:105,0
DA:106,0
DA:107,0
DA:111,0
DA:112,0
DA:113,0
DA:114,0
DA:115,0
DA:122,0
DA:124,0
DA:125,0
DA:127,0
DA:128,0
DA:129,0
DA:133,0
DA:134,0
DA:135,0
DA:136,0
DA:137,0
DA:144,0
DA:146,0
DA:149,0
DA:150,0
DA:151,0
DA:155,0
DA:156,0
DA:157,0
DA:158,0
DA:159,0
DA:173,0
DA:174,0
DA:176,0
DA:177,0
DA:179,0
DA:181,0
DA:183,0
DA:185,0
DA:201,0
DA:203,0
DA:205,0
DA:207,0
DA:209,0
DA:210,0
DA:211,0
DA:213,0
DA:214,0
DA:215,0
DA:218,0
DA:221,0
DA:223,0
DA:224,0
DA:225,0
DA:228,0
DA:234,0
LF:96
LH:1
end_of_record
SF:lib\presentation\pages\popular_tv_page.dart
DA:8,1
DA:10,1
DA:12,1
DA:16,1
DA:18,1
DA:19,1
DA:20,5
DA:24,1
DA:26,1
DA:27,1
DA:30,1
DA:32,1
DA:33,1
DA:34,1
DA:38,1
DA:39,1
DA:40,1
DA:41,2
DA:42,1
DA:44,2
DA:46,1
DA:47,1
DA:49,2
LF:23
LH:23
end_of_record
SF:lib\presentation\pages\search_tv_page.dart
DA:9,0
DA:11,0
DA:13,0
DA:14,0
DA:17,0
DA:19,0
DA:21,0
DA:22,0
DA:23,0
DA:24,0
DA:34,0
DA:36,0
DA:38,0
DA:39,0
DA:40,0
DA:44,0
DA:45,0
DA:46,0
DA:47,0
DA:49,0
DA:50,0
DA:51,0
DA:53,0
DA:56,0
DA:57,0
DA:58,0
DA:59,0
DA:63,0
DA:64,0
LF:29
LH:0
end_of_record
SF:lib\presentation\pages\top_rated_tv_shows_page.dart
DA:8,1
DA:10,1
DA:12,1
DA:16,1
DA:18,1
DA:19,1
DA:20,5
DA:24,1
DA:26,1
DA:27,1
DA:30,1
DA:32,1
DA:33,1
DA:34,1
DA:38,1
DA:39,1
DA:40,1
DA:41,2
DA:42,1
DA:44,2
DA:46,1
DA:47,1
DA:49,2
LF:23
LH:23
end_of_record
SF:lib\presentation\pages\tv_detail_page.dart
DA:12,1
DA:14,1
DA:16,1
DA:20,1
DA:22,1
DA:23,2
DA:24,6
DA:25,1
DA:26,1
DA:27,4
DA:28,1
DA:29,1
DA:30,4
DA:34,1
DA:36,1
DA:37,1
DA:38,1
DA:39,1
DA:43,1
DA:44,1
DA:45,1
DA:46,1
DA:48,0
DA:49,0
DA:64,2
DA:66,1
DA:68,3
DA:69,1
DA:70,1
DA:71,1
DA:72,3
DA:74,1
DA:77,0
DA:79,1
DA:81,1
DA:82,1
DA:83,1
DA:93,1
DA:94,1
DA:95,1
DA:97,1
DA:99,1
DA:101,1
DA:102,1
DA:103,2
DA:104,1
DA:106,1
DA:108,0
DA:109,0
DA:110,0
DA:111,0
DA:113,0
DA:114,0
DA:116,0
DA:117,0
DA:118,0
DA:124,1
DA:125,1
DA:126,0
DA:127,0
DA:128,0
DA:130,0
DA:131,0
DA:134,0
DA:135,0
DA:139,1
DA:141,1
DA:142,1
DA:143,1
DA:144,1
DA:145,1
DA:146,1
DA:147,1
DA:153,1
DA:154,3
DA:156,1
DA:157,1
DA:158,1
DA:159,3
DA:161,1
DA:167,4
DA:171,1
DA:173,1
DA:175,1
DA:176,2
DA:179,1
DA:181,1
DA:183,1
DA:184,1
DA:185,1
DA:189,1
DA:190,0
DA:191,0
DA:193,1
DA:194,1
DA:196,1
DA:198,1
DA:199,2
DA:200,1
DA:202,1
DA:203,0
DA:204,0
DA:207,0
DA:210,1
DA:214,1
DA:215,2
DA:216,1
DA:219,0
DA:225,2
DA:229,0
DA:237,1
DA:239,1
DA:254,1
DA:256,1
DA:259,1
DA:261,0
DA:262,0
DA:271,1
DA:273,2
DA:274,3
DA:277,1
DA:281,3
LF:122
LH:94
end_of_record
SF:lib\presentation\pages\watchlist_tv_shows_page.dart
DA:9,1
DA:11,1
DA:13,1
DA:18,1
DA:20,1
DA:21,1
DA:22,5
DA:26,1
DA:28,1
DA:29,4
DA:32,0
DA:34,0
DA:37,1
DA:39,1
DA:40,1
DA:43,1
DA:45,1
DA:46,1
DA:47,1
DA:51,1
DA:52,1
DA:53,1
DA:54,2
DA:55,1
DA:57,2
DA:59,1
DA:60,1
DA:62,2
DA:73,1
DA:75,2
DA:76,1
LF:31
LH:29
end_of_record
SF:lib\presentation\widgets\tv_card_list.dart
DA:9,6
DA:11,3
DA:13,3
DA:15,3
DA:16,0
DA:17,0
DA:20,0
DA:23,3
DA:25,3
DA:26,3
DA:27,3
DA:33,3
DA:35,3
DA:36,3
DA:37,6
DA:40,3
DA:43,3
DA:44,6
DA:52,3
DA:57,3
DA:59,3
DA:60,9
DA:62,3
DA:65,0
LF:24
LH:20
end_of_record
